<?xml version="1.0" encoding="UTF-8"?>
<!-- Generated by org.testng.reporters.JUnitXMLReporter -->
<testsuite ignored="0" hostname="LAPTOP-JBIL527H" failures="0" tests="2" name="Default test" time="63.795" errors="0" timestamp="2026-01-19T06:43:08 IST">
  <testcase classname="com.mytesting.SeleniumFrameWorkPractice.EmptyCart" name="moveToWishlist" time="29.155"/>
  <testcase classname="com.mytesting.SeleniumFrameWorkPractice.EmptyCart" name="removeItemsFromCart" time="29.468"/>
</testsuite> <!-- Default test -->
