<?xml version="1.0" encoding="UTF-8"?>
<!-- Generated by org.testng.reporters.JUnitXMLReporter -->
<testsuite ignored="1" hostname="LAPTOP-JBIL527H" failures="0" tests="4" name="Regression Testing" time="65.247" errors="0" timestamp="2026-01-19T07:11:42 IST">
  <testcase classname="com.mytesting.SeleniumFrameWorkPractice.BestSellerTest" name="CheckBestseller" time="13.68"/>
  <testcase classname="com.mytesting.SeleniumFrameWorkPractice.EmptyCart" name="removeItemsFromCart" time="35.226"/>
  <testcase classname="com.mytesting.SeleniumFrameWorkPractice.AddToCart" name="addProductBySearch" time="37.047"/>
  <testcase classname="com.mytesting.SeleniumFrameWorkPractice.AddToCart" name="addProductToCartFromHomePage" time="22.852"/>
  <testcase classname="com.mytesting.SeleniumFrameWorkPractice.EmptyCart" name="moveToWishlist" time="0.0">
    <ignored/>
  </testcase> <!-- moveToWishlist -->
</testsuite> <!-- Regression Testing -->
