<?xml version="1.0" encoding="UTF-8"?>
<!-- Generated by org.testng.reporters.JUnitReportReporter -->
<testsuite hostname="LAPTOP-JBIL527H" failures="0" tests="2" name="com.mytesting.SeleniumFrameWorkPractice.AddToCart" time="65.172" errors="0" timestamp="2026-01-19T07:11:42 IST" skipped="0">
  <testcase classname="com.mytesting.SeleniumFrameWorkPractice.AddToCart" name="addProductBySearch" time="38.437"/>
  <testcase classname="com.mytesting.SeleniumFrameWorkPractice.AddToCart" name="addProductToCartFromHomePage" time="26.735"/>
</testsuite> <!-- com.mytesting.SeleniumFrameWorkPractice.AddToCart -->
